<?xml version="1.0" encoding="UTF-8"?>
<!-- Generated by org.testng.reporters.JUnitXMLReporter -->
<testsuite hostname="ANU-PANDEY03" ignored="0" name="Test" tests="1" failures="0" timestamp="2021-03-15T21:17:05 IST" time="3.332" errors="0">
  <testcase name="@BeforeClass setup" time="2.941" classname="orangeHRM.TestCases.BaseClass">
    <failure type="org.openqa.selenium.SessionNotCreatedException" message="session not created: This version of ChromeDriver only supports Chrome version 87
Current browser version is 89.0.4389.82 with binary path C:\Program Files (x86)\Google\Chrome\Application\chrome.exe
Build info: version: &amp;apos;3.141.59&amp;apos;, revision: &amp;apos;e82be7d358&amp;apos;, time: &amp;apos;2018-11-14T08:17:03&amp;apos;
System info: host: &amp;apos;ANU-PANDEY03&amp;apos;, ip: &amp;apos;192.168.0.102&amp;apos;, os.name: &amp;apos;Windows 10&amp;apos;, os.arch: &amp;apos;amd64&amp;apos;, os.version: &amp;apos;10.0&amp;apos;, java.version: &amp;apos;1.8.0_221&amp;apos;
Driver info: driver.version: ChromeDriver
remote stacktrace: Backtrace:
	Ordinal0 [0x0049C0C3+3326147]
	Ordinal0 [0x00380851+2164817]
	Ordinal0 [0x00207298+619160]
	Ordinal0 [0x00181D92+73106]
	Ordinal0 [0x0017E119+57625]
	Ordinal0 [0x0017C38A+50058]
	Ordinal0 [0x001A5F3E+220990]
	Ordinal0 [0x001A5CAC+220332]
	Ordinal0 [0x001A189B+202907]
	Ordinal0 [0x00183DF4+81396]
	Ordinal0 [0x00184DEE+85486]
	Ordinal0 [0x00184D79+85369]
	Ordinal0 [0x003985DC+2262492]
	GetHandleVerifier [0x00622874+1487204]
	GetHandleVerifier [0x006223CD+1486013]
	GetHandleVerifier [0x0062A368+1518680]
	GetHandleVerifier [0x00622F4E+1488958]
	Ordinal0 [0x0038ED0D+2223373]
	Ordinal0 [0x0039A12B+2269483]
	Ordinal0 [0x0039A26F+2269807]
	Ordinal0 [0x003AECB8+2354360]
	BaseThreadInitThunk [0x756B6359+25]
	RtlGetAppContainerNamedObjectPath [0x77268964+228]
	RtlGetAppContainerNamedObjectPath [0x77268934+180]
">
      <![CDATA[org.openqa.selenium.SessionNotCreatedException: session not created: This version of ChromeDriver only supports Chrome version 87
Current browser version is 89.0.4389.82 with binary path C:\Program Files (x86)\Google\Chrome\Application\chrome.exe
Build info: version: '3.141.59', revision: 'e82be7d358', time: '2018-11-14T08:17:03'
System info: host: 'ANU-PANDEY03', ip: '192.168.0.102', os.name: 'Windows 10', os.arch: 'amd64', os.version: '10.0', java.version: '1.8.0_221'
Driver info: driver.version: ChromeDriver
remote stacktrace: Backtrace:
Ordinal0 [0x0049C0C3+3326147]
Ordinal0 [0x00380851+2164817]
Ordinal0 [0x00207298+619160]
Ordinal0 [0x00181D92+73106]
Ordinal0 [0x0017E119+57625]
Ordinal0 [0x0017C38A+50058]
Ordinal0 [0x001A5F3E+220990]
Ordinal0 [0x001A5CAC+220332]
Ordinal0 [0x001A189B+202907]
Ordinal0 [0x00183DF4+81396]
Ordinal0 [0x00184DEE+85486]
Ordinal0 [0x00184D79+85369]
Ordinal0 [0x003985DC+2262492]
GetHandleVerifier [0x00622874+1487204]
GetHandleVerifier [0x006223CD+1486013]
GetHandleVerifier [0x0062A368+1518680]
GetHandleVerifier [0x00622F4E+1488958]
Ordinal0 [0x0038ED0D+2223373]
Ordinal0 [0x0039A12B+2269483]
Ordinal0 [0x0039A26F+2269807]
Ordinal0 [0x003AECB8+2354360]
BaseThreadInitThunk [0x756B6359+25]
RtlGetAppContainerNamedObjectPath [0x77268964+228]
RtlGetAppContainerNamedObjectPath [0x77268934+180]

at org.openqa.selenium.remote.W3CHandshakeResponse.lambda$errorHandler$0(W3CHandshakeResponse.java:62)
at org.openqa.selenium.remote.HandshakeResponse.lambda$getResponseFunction$0(HandshakeResponse.java:30)
at org.openqa.selenium.remote.ProtocolHandshake.lambda$createSession$0(ProtocolHandshake.java:126)
at java.util.stream.ReferencePipeline$3$1.accept(ReferencePipeline.java:193)
at java.util.Spliterators$ArraySpliterator.tryAdvance(Spliterators.java:958)
at java.util.stream.ReferencePipeline.forEachWithCancel(ReferencePipeline.java:126)
at java.util.stream.AbstractPipeline.copyIntoWithCancel(AbstractPipeline.java:499)
at java.util.stream.AbstractPipeline.copyInto(AbstractPipeline.java:486)
at java.util.stream.AbstractPipeline.wrapAndCopyInto(AbstractPipeline.java:472)
at java.util.stream.FindOps$FindOp.evaluateSequential(FindOps.java:152)
at java.util.stream.AbstractPipeline.evaluate(AbstractPipeline.java:234)
at java.util.stream.ReferencePipeline.findFirst(ReferencePipeline.java:464)
at org.openqa.selenium.remote.ProtocolHandshake.createSession(ProtocolHandshake.java:128)
at org.openqa.selenium.remote.ProtocolHandshake.createSession(ProtocolHandshake.java:74)
at org.openqa.selenium.remote.HttpCommandExecutor.execute(HttpCommandExecutor.java:136)
at org.openqa.selenium.remote.service.DriverCommandExecutor.execute(DriverCommandExecutor.java:83)
at org.openqa.selenium.remote.RemoteWebDriver.execute(RemoteWebDriver.java:552)
at org.openqa.selenium.remote.RemoteWebDriver.startSession(RemoteWebDriver.java:213)
at org.openqa.selenium.remote.RemoteWebDriver.<init>(RemoteWebDriver.java:131)
at org.openqa.selenium.chrome.ChromeDriver.<init>(ChromeDriver.java:181)
at org.openqa.selenium.chrome.ChromeDriver.<init>(ChromeDriver.java:168)
at org.openqa.selenium.chrome.ChromeDriver.<init>(ChromeDriver.java:123)
at orangeHRM.TestCases.BaseClass.setup(BaseClass.java:48)
at java.util.ArrayList.forEach(ArrayList.java:1257)
... Removed 29 stack frames]]>
    </failure>
  </testcase> <!-- @BeforeClass setup -->
  <testcase name="@AfterTest tearDown" time="0.0" classname="orangeHRM.TestCases.BaseClass">
    <failure type="java.lang.NullPointerException">
      <![CDATA[java.lang.NullPointerException
at orangeHRM.TestCases.BaseClass.tearDown(BaseClass.java:68)
... Removed 24 stack frames]]>
    </failure>
  </testcase> <!-- @AfterTest tearDown -->
  <testcase name="loginTest" time="0.0" classname="orangeHRM.TestCases.TC_LoginTest_001">
    <skipped/>
  </testcase> <!-- loginTest -->
</testsuite> <!-- Test -->
